
  .   ____          _            __ _ _
 /\\ / ___'_ __ _ _(_)_ __  __ _ \ \ \ \
( ( )\___ | '_ | '_| | '_ \/ _` | \ \ \ \
 \\/  ___)| |_)| | | | | || (_| |  ) ) ) )
  '  |____| .__|_| |_|_| |_\__, | / / / /
 =========|_|==============|___/=/_/_/_/

 :: Spring Boot ::                (v3.4.3)

2026-07-20T18:50:01.369+05:30  INFO 12100 --- [stockflow-api] [           main] com.stockflow.api.StockFlowApplication   : Starting StockFlowApplication using Java 21.0.11 with PID 12100 (D:\projects\StockFlow\backend\target\classes started by KARTHIK in D:\projects\StockFlow\backend)
2026-07-20T18:50:01.371+05:30  INFO 12100 --- [stockflow-api] [           main] com.stockflow.api.StockFlowApplication   : No active profile set, falling back to 1 default profile: "default"
2026-07-20T18:50:02.538+05:30  INFO 12100 --- [stockflow-api] [           main] .s.d.r.c.RepositoryConfigurationDelegate : Bootstrapping Spring Data JPA repositories in DEFAULT mode.
2026-07-20T18:50:02.638+05:30  INFO 12100 --- [stockflow-api] [           main] .s.d.r.c.RepositoryConfigurationDelegate : Finished Spring Data repository scanning in 79 ms. Found 8 JPA repository interfaces.
2026-07-20T18:50:03.401+05:30  INFO 12100 --- [stockflow-api] [           main] o.s.b.w.embedded.tomcat.TomcatWebServer  : Tomcat initialized with port 8080 (http)
2026-07-20T18:50:03.426+05:30  INFO 12100 --- [stockflow-api] [           main] o.apache.catalina.core.StandardService   : Starting service [Tomcat]
2026-07-20T18:50:03.426+05:30  INFO 12100 --- [stockflow-api] [           main] o.apache.catalina.core.StandardEngine    : Starting Servlet engine: [Apache Tomcat/10.1.36]
2026-07-20T18:50:03.533+05:30  INFO 12100 --- [stockflow-api] [           main] o.a.c.c.C.[Tomcat].[localhost].[/]       : Initializing Spring embedded WebApplicationContext
2026-07-20T18:50:03.548+05:30  INFO 12100 --- [stockflow-api] [           main] w.s.c.ServletWebServerApplicationContext : Root WebApplicationContext: initialization completed in 2063 ms
2026-07-20T18:50:03.796+05:30  INFO 12100 --- [stockflow-api] [           main] o.hibernate.jpa.internal.util.LogHelper  : HHH000204: Processing PersistenceUnitInfo [name: default]
2026-07-20T18:50:03.883+05:30  INFO 12100 --- [stockflow-api] [           main] org.hibernate.Version                    : HHH000412: Hibernate ORM core version 6.6.8.Final
2026-07-20T18:50:03.931+05:30  INFO 12100 --- [stockflow-api] [           main] o.h.c.internal.RegionFactoryInitiator    : HHH000026: Second-level cache disabled
2026-07-20T18:50:04.415+05:30  INFO 12100 --- [stockflow-api] [           main] o.s.o.j.p.SpringPersistenceUnitInfo      : No LoadTimeWeaver setup: ignoring JPA class transformer
2026-07-20T18:50:04.465+05:30  INFO 12100 --- [stockflow-api] [           main] com.zaxxer.hikari.HikariDataSource       : HikariPool-1 - Starting...
2026-07-20T18:50:04.780+05:30  INFO 12100 --- [stockflow-api] [           main] com.zaxxer.hikari.pool.HikariPool        : HikariPool-1 - Added connection conn0: url=jdbc:h2:mem:stockflow user=SA
2026-07-20T18:50:04.780+05:30  INFO 12100 --- [stockflow-api] [           main] com.zaxxer.hikari.HikariDataSource       : HikariPool-1 - Start completed.
2026-07-20T18:50:04.883+05:30  INFO 12100 --- [stockflow-api] [           main] org.hibernate.orm.connections.pooling    : HHH10001005: Database info:
	Database JDBC URL [Connecting through datasource 'HikariDataSource (HikariPool-1)']
	Database driver: undefined/unknown
	Database version: 2.3.232
	Autocommit mode: undefined/unknown
	Isolation level: undefined/unknown
	Minimum pool size: undefined/unknown
	Maximum pool size: undefined/unknown
2026-07-20T18:50:06.887+05:30  INFO 12100 --- [stockflow-api] [           main] o.h.e.t.j.p.i.JtaPlatformInitiator       : HHH000489: No JTA platform available (set 'hibernate.transaction.jta.platform' to enable JTA platform integration)
2026-07-20T18:50:07.048+05:30  INFO 12100 --- [stockflow-api] [           main] j.LocalContainerEntityManagerFactoryBean : Initialized JPA EntityManagerFactory for persistence unit 'default'
2026-07-20T18:50:07.692+05:30  INFO 12100 --- [stockflow-api] [           main] o.s.d.j.r.query.QueryEnhancerFactory     : Hibernate is in classpath; If applicable, HQL parser will be used.
2026-07-20T18:50:08.930+05:30  INFO 12100 --- [stockflow-api] [           main] com.stockflow.api.FinnhubService         : Finnhub API integration DISABLED — set FINNHUB_API_KEY env var or finnhub.api-key property. Using simulated data.
2026-07-20T18:50:10.088+05:30  INFO 12100 --- [stockflow-api] [           main] o.s.b.a.h2.H2ConsoleAutoConfiguration    : H2 console available at '/h2-console'. Database available at 'jdbc:h2:mem:stockflow'
2026-07-20T18:50:10.247+05:30  INFO 12100 --- [stockflow-api] [           main] o.s.m.s.b.SimpleBrokerMessageHandler     : Starting...
2026-07-20T18:50:10.247+05:30  INFO 12100 --- [stockflow-api] [           main] o.s.m.s.b.SimpleBrokerMessageHandler     : BrokerAvailabilityEvent[available=true, SimpleBrokerMessageHandler [org.springframework.messaging.simp.broker.DefaultSubscriptionRegistry@5f6b6f2]]
2026-07-20T18:50:10.247+05:30  INFO 12100 --- [stockflow-api] [           main] o.s.m.s.b.SimpleBrokerMessageHandler     : Started.
2026-07-20T18:50:10.263+05:30  INFO 12100 --- [stockflow-api] [           main] o.s.m.s.b.SimpleBrokerMessageHandler     : Stopping...
2026-07-20T18:50:10.263+05:30  INFO 12100 --- [stockflow-api] [           main] o.s.m.s.b.SimpleBrokerMessageHandler     : BrokerAvailabilityEvent[available=false, SimpleBrokerMessageHandler [org.springframework.messaging.simp.broker.DefaultSubscriptionRegistry@5f6b6f2]]
2026-07-20T18:50:10.263+05:30  INFO 12100 --- [stockflow-api] [           main] o.s.m.s.b.SimpleBrokerMessageHandler     : Stopped.
2026-07-20T18:50:10.263+05:30  WARN 12100 --- [stockflow-api] [           main] ConfigServletWebServerApplicationContext : Exception encountered during context initialization - cancelling refresh attempt: org.springframework.context.ApplicationContextException: Failed to start bean 'webServerStartStop'
2026-07-20T18:50:10.263+05:30  INFO 12100 --- [stockflow-api] [           main] j.LocalContainerEntityManagerFactoryBean : Closing JPA EntityManagerFactory for persistence unit 'default'
2026-07-20T18:50:10.294+05:30  INFO 12100 --- [stockflow-api] [           main] com.zaxxer.hikari.HikariDataSource       : HikariPool-1 - Shutdown initiated...
2026-07-20T18:50:10.298+05:30  INFO 12100 --- [stockflow-api] [           main] com.zaxxer.hikari.HikariDataSource       : HikariPool-1 - Shutdown completed.
2026-07-20T18:50:10.318+05:30  INFO 12100 --- [stockflow-api] [           main] .s.b.a.l.ConditionEvaluationReportLogger : 

Error starting ApplicationContext. To display the condition evaluation report re-run your application with 'debug' enabled.
2026-07-20T18:50:10.342+05:30 ERROR 12100 --- [stockflow-api] [           main] o.s.b.d.LoggingFailureAnalysisReporter   : 

***************************
APPLICATION FAILED TO START
***************************

Description:

Web server failed to start. Port 8080 was already in use.

Action:

Identify and stop the process that's listening on port 8080 or configure this application to listen on another port.

[ERROR] Failed to execute goal org.springframework.boot:spring-boot-maven-plugin:3.4.3:run (default-cli) on project stockflow-api: Process terminated with exit code: 1 -> [Help 1]
[ERROR] 
[ERROR] To see the full stack trace of the errors, re-run Maven with the -e switch.
[ERROR] Re-run Maven using the -X switch to enable full debug logging.
[ERROR] 
[ERROR] For more information about the errors and possible solutions, please read the following articles:
[ERROR] [Help 1] http://cwiki.apache.org/confluence/display/MAVEN/MojoExecutionException
